<?xml version="1.0" encoding="UTF-8"?>
<testsuite xmlns:xsi="http://www.w3.org/2001/XMLSchema-instance" xsi:noNamespaceSchemaLocation="https://maven.apache.org/surefire/maven-surefire-plugin/xsd/surefire-test-report.xsd" version="3.0.2" name="com.cs6650.kvstore.LeaderlessConsistencyTest" time="2.474" tests="1" errors="0" skipped="0" failures="0" flakes="0">
  <properties>
[...]
</properties>
  <testcase name="testLeaderless_inconsistencyWindow_thenConsistencyAfterAck" classname="com.cs6650.kvstore.LeaderlessConsistencyTest" time="2.349">
    <system-out><![CDATA[
  .   ____          _            __ _ _
 /\\ / ___'_ __ _ _(_)_ __  __ _ \ \ \ \
( ( )\___ | '_ | '_| | '_ \/ _` | \ \ \ \
 \\/  ___)| |_)| | | | | || (_| |  ) ) ) )
  '  |____| .__|_| |_|_| |_\__, | / / / /
 =========|_|==============|___/=/_/_/_/

 :: Spring Boot ::               (v3.5.13)

2026-04-08T15:16:42.202-07:00  INFO 23159 --- [           main] o.a.maven.surefire.booter.ForkedBooter   : Starting ForkedBooter v3.5.5 using Java 17.0.17 with PID 23159 (started by jasmainekhale in /Users/jasmainekhale/Desktop/kv-service)
2026-04-08T15:16:42.203-07:00  INFO 23159 --- [           main] o.a.maven.surefire.booter.ForkedBooter   : The following 1 profile is active: "test"
2026-04-08T15:16:42.533-07:00  INFO 23159 --- [           main] o.s.b.w.embedded.tomcat.TomcatWebServer  : Tomcat initialized with port 28180 (http)
2026-04-08T15:16:42.542-07:00  INFO 23159 --- [           main] o.apache.catalina.core.StandardService   : Starting service [Tomcat]
2026-04-08T15:16:42.542-07:00  INFO 23159 --- [           main] o.apache.catalina.core.StandardEngine    : Starting Servlet engine: [Apache Tomcat/10.1.53]
2026-04-08T15:16:42.557-07:00  INFO 23159 --- [           main] o.a.c.c.C.[Tomcat].[localhost].[/]       : Initializing Spring embedded WebApplicationContext
2026-04-08T15:16:42.558-07:00  INFO 23159 --- [           main] w.s.c.ServletWebServerApplicationContext : Root WebApplicationContext: initialization completed in 338 ms
2026-04-08T15:16:42.691-07:00  INFO 23159 --- [           main] o.s.b.w.embedded.tomcat.TomcatWebServer  : Tomcat started on port 28180 (http) with context path '/'
2026-04-08T15:16:42.695-07:00  INFO 23159 --- [           main] o.a.maven.surefire.booter.ForkedBooter   : Started ForkedBooter in 0.659 seconds (process running for 0.999)

  .   ____          _            __ _ _
 /\\ / ___'_ __ _ _(_)_ __  __ _ \ \ \ \
( ( )\___ | '_ | '_| | '_ \/ _` | \ \ \ \
 \\/  ___)| |_)| | | | | || (_| |  ) ) ) )
  '  |____| .__|_| |_|_| |_\__, | / / / /
 =========|_|==============|___/=/_/_/_/

 :: Spring Boot ::               (v3.5.13)

2026-04-08T15:16:42.706-07:00  INFO 23159 --- [           main] o.a.maven.surefire.booter.ForkedBooter   : Starting ForkedBooter v3.5.5 using Java 17.0.17 with PID 23159 (started by jasmainekhale in /Users/jasmainekhale/Desktop/kv-service)
2026-04-08T15:16:42.706-07:00  INFO 23159 --- [           main] o.a.maven.surefire.booter.ForkedBooter   : The following 1 profile is active: "test"
2026-04-08T15:16:42.760-07:00  INFO 23159 --- [           main] o.s.b.w.embedded.tomcat.TomcatWebServer  : Tomcat initialized with port 28181 (http)
2026-04-08T15:16:42.761-07:00  INFO 23159 --- [           main] o.apache.catalina.core.StandardService   : Starting service [Tomcat]
2026-04-08T15:16:42.761-07:00  INFO 23159 --- [           main] o.apache.catalina.core.StandardEngine    : Starting Servlet engine: [Apache Tomcat/10.1.53]
2026-04-08T15:16:42.765-07:00  INFO 23159 --- [           main] o.a.c.c.C.[Tomcat-1].[localhost].[/]     : Initializing Spring embedded WebApplicationContext
2026-04-08T15:16:42.765-07:00  INFO 23159 --- [           main] w.s.c.ServletWebServerApplicationContext : Root WebApplicationContext: initialization completed in 58 ms
2026-04-08T15:16:42.798-07:00  INFO 23159 --- [           main] o.s.b.w.embedded.tomcat.TomcatWebServer  : Tomcat started on port 28181 (http) with context path '/'
2026-04-08T15:16:42.799-07:00  INFO 23159 --- [           main] o.a.maven.surefire.booter.ForkedBooter   : Started ForkedBooter in 0.102 seconds (process running for 1.103)

  .   ____          _            __ _ _
 /\\ / ___'_ __ _ _(_)_ __  __ _ \ \ \ \
( ( )\___ | '_ | '_| | '_ \/ _` | \ \ \ \
 \\/  ___)| |_)| | | | | || (_| |  ) ) ) )
  '  |____| .__|_| |_|_| |_\__, | / / / /
 =========|_|==============|___/=/_/_/_/

 :: Spring Boot ::               (v3.5.13)

2026-04-08T15:16:42.808-07:00  INFO 23159 --- [           main] o.a.maven.surefire.booter.ForkedBooter   : Starting ForkedBooter v3.5.5 using Java 17.0.17 with PID 23159 (started by jasmainekhale in /Users/jasmainekhale/Desktop/kv-service)
2026-04-08T15:16:42.808-07:00  INFO 23159 --- [           main] o.a.maven.surefire.booter.ForkedBooter   : The following 1 profile is active: "test"
2026-04-08T15:16:42.852-07:00  INFO 23159 --- [           main] o.s.b.w.embedded.tomcat.TomcatWebServer  : Tomcat initialized with port 28182 (http)
2026-04-08T15:16:42.852-07:00  INFO 23159 --- [           main] o.apache.catalina.core.StandardService   : Starting service [Tomcat]
2026-04-08T15:16:42.852-07:00  INFO 23159 --- [           main] o.apache.catalina.core.StandardEngine    : Starting Servlet engine: [Apache Tomcat/10.1.53]
2026-04-08T15:16:42.856-07:00  INFO 23159 --- [           main] o.a.c.c.C.[Tomcat-2].[localhost].[/]     : Initializing Spring embedded WebApplicationContext
2026-04-08T15:16:42.856-07:00  INFO 23159 --- [           main] w.s.c.ServletWebServerApplicationContext : Root WebApplicationContext: initialization completed in 48 ms
2026-04-08T15:16:42.881-07:00  INFO 23159 --- [           main] o.s.b.w.embedded.tomcat.TomcatWebServer  : Tomcat started on port 28182 (http) with context path '/'
2026-04-08T15:16:42.883-07:00  INFO 23159 --- [           main] o.a.maven.surefire.booter.ForkedBooter   : Started ForkedBooter in 0.083 seconds (process running for 1.186)

  .   ____          _            __ _ _
 /\\ / ___'_ __ _ _(_)_ __  __ _ \ \ \ \
( ( )\___ | '_ | '_| | '_ \/ _` | \ \ \ \
 \\/  ___)| |_)| | | | | || (_| |  ) ) ) )
  '  |____| .__|_| |_|_| |_\__, | / / / /
 =========|_|==============|___/=/_/_/_/

 :: Spring Boot ::               (v3.5.13)

2026-04-08T15:16:42.890-07:00  INFO 23159 --- [           main] o.a.maven.surefire.booter.ForkedBooter   : Starting ForkedBooter v3.5.5 using Java 17.0.17 with PID 23159 (started by jasmainekhale in /Users/jasmainekhale/Desktop/kv-service)
2026-04-08T15:16:42.890-07:00  INFO 23159 --- [           main] o.a.maven.surefire.booter.ForkedBooter   : The following 1 profile is active: "test"
2026-04-08T15:16:42.932-07:00  INFO 23159 --- [           main] o.s.b.w.embedded.tomcat.TomcatWebServer  : Tomcat initialized with port 28183 (http)
2026-04-08T15:16:42.933-07:00  INFO 23159 --- [           main] o.apache.catalina.core.StandardService   : Starting service [Tomcat]
2026-04-08T15:16:42.933-07:00  INFO 23159 --- [           main] o.apache.catalina.core.StandardEngine    : Starting Servlet engine: [Apache Tomcat/10.1.53]
2026-04-08T15:16:42.937-07:00  INFO 23159 --- [           main] o.a.c.c.C.[Tomcat-3].[localhost].[/]     : Initializing Spring embedded WebApplicationContext
2026-04-08T15:16:42.937-07:00  INFO 23159 --- [           main] w.s.c.ServletWebServerApplicationContext : Root WebApplicationContext: initialization completed in 46 ms
2026-04-08T15:16:42.961-07:00  INFO 23159 --- [           main] o.s.b.w.embedded.tomcat.TomcatWebServer  : Tomcat started on port 28183 (http) with context path '/'
2026-04-08T15:16:42.962-07:00  INFO 23159 --- [           main] o.a.maven.surefire.booter.ForkedBooter   : Started ForkedBooter in 0.079 seconds (process running for 1.266)

  .   ____          _            __ _ _
 /\\ / ___'_ __ _ _(_)_ __  __ _ \ \ \ \
( ( )\___ | '_ | '_| | '_ \/ _` | \ \ \ \
 \\/  ___)| |_)| | | | | || (_| |  ) ) ) )
  '  |____| .__|_| |_|_| |_\__, | / / / /
 =========|_|==============|___/=/_/_/_/

 :: Spring Boot ::               (v3.5.13)

2026-04-08T15:16:42.970-07:00  INFO 23159 --- [           main] o.a.maven.surefire.booter.ForkedBooter   : Starting ForkedBooter v3.5.5 using Java 17.0.17 with PID 23159 (started by jasmainekhale in /Users/jasmainekhale/Desktop/kv-service)
2026-04-08T15:16:42.970-07:00  INFO 23159 --- [           main] o.a.maven.surefire.booter.ForkedBooter   : The following 1 profile is active: "test"
2026-04-08T15:16:43.010-07:00  INFO 23159 --- [           main] o.s.b.w.embedded.tomcat.TomcatWebServer  : Tomcat initialized with port 28184 (http)
2026-04-08T15:16:43.011-07:00  INFO 23159 --- [           main] o.apache.catalina.core.StandardService   : Starting service [Tomcat]
2026-04-08T15:16:43.011-07:00  INFO 23159 --- [           main] o.apache.catalina.core.StandardEngine    : Starting Servlet engine: [Apache Tomcat/10.1.53]
2026-04-08T15:16:43.015-07:00  INFO 23159 --- [           main] o.a.c.c.C.[Tomcat-4].[localhost].[/]     : Initializing Spring embedded WebApplicationContext
2026-04-08T15:16:43.015-07:00  INFO 23159 --- [           main] w.s.c.ServletWebServerApplicationContext : Root WebApplicationContext: initialization completed in 44 ms
2026-04-08T15:16:43.038-07:00  INFO 23159 --- [           main] o.s.b.w.embedded.tomcat.TomcatWebServer  : Tomcat started on port 28184 (http) with context path '/'
2026-04-08T15:16:43.040-07:00  INFO 23159 --- [           main] o.a.maven.surefire.booter.ForkedBooter   : Started ForkedBooter in 0.077 seconds (process running for 1.343)
2026-04-08T15:16:43.083-07:00  INFO 23159 --- [io-28180-exec-1] o.a.c.c.C.[Tomcat].[localhost].[/]       : Initializing Spring DispatcherServlet 'dispatcherServlet'
2026-04-08T15:16:43.084-07:00  INFO 23159 --- [io-28180-exec-1] o.s.web.servlet.DispatcherServlet        : Initializing Servlet 'dispatcherServlet'
2026-04-08T15:16:43.084-07:00  INFO 23159 --- [io-28180-exec-1] o.s.web.servlet.DispatcherServlet        : Completed initialization in 0 ms
2026-04-08T15:16:43.101-07:00  INFO 23159 --- [io-28181-exec-1] o.a.c.c.C.[Tomcat-1].[localhost].[/]     : Initializing Spring DispatcherServlet 'dispatcherServlet'
2026-04-08T15:16:43.101-07:00  INFO 23159 --- [io-28181-exec-1] o.s.web.servlet.DispatcherServlet        : Initializing Servlet 'dispatcherServlet'
2026-04-08T15:16:43.101-07:00  INFO 23159 --- [io-28181-exec-1] o.s.web.servlet.DispatcherServlet        : Completed initialization in 0 ms
2026-04-08T15:16:43.103-07:00  INFO 23159 --- [io-28182-exec-1] o.a.c.c.C.[Tomcat-2].[localhost].[/]     : Initializing Spring DispatcherServlet 'dispatcherServlet'
2026-04-08T15:16:43.103-07:00  INFO 23159 --- [io-28182-exec-1] o.s.web.servlet.DispatcherServlet        : Initializing Servlet 'dispatcherServlet'
2026-04-08T15:16:43.103-07:00  INFO 23159 --- [io-28182-exec-1] o.s.web.servlet.DispatcherServlet        : Completed initialization in 0 ms
2026-04-08T15:16:43.104-07:00  INFO 23159 --- [io-28183-exec-1] o.a.c.c.C.[Tomcat-3].[localhost].[/]     : Initializing Spring DispatcherServlet 'dispatcherServlet'
2026-04-08T15:16:43.104-07:00  INFO 23159 --- [io-28183-exec-1] o.s.web.servlet.DispatcherServlet        : Initializing Servlet 'dispatcherServlet'
2026-04-08T15:16:43.104-07:00  INFO 23159 --- [io-28183-exec-1] o.s.web.servlet.DispatcherServlet        : Completed initialization in 0 ms
2026-04-08T15:16:43.105-07:00  INFO 23159 --- [io-28184-exec-1] o.a.c.c.C.[Tomcat-4].[localhost].[/]     : Initializing Spring DispatcherServlet 'dispatcherServlet'
2026-04-08T15:16:43.106-07:00  INFO 23159 --- [io-28184-exec-1] o.s.web.servlet.DispatcherServlet        : Initializing Servlet 'dispatcherServlet'
2026-04-08T15:16:43.106-07:00  INFO 23159 --- [io-28184-exec-1] o.s.web.servlet.DispatcherServlet        : Completed initialization in 0 ms
2026-04-08T15:16:44.324-07:00  INFO 23159 --- [           main] o.s.b.w.e.tomcat.GracefulShutdown        : Commencing graceful shutdown. Waiting for active requests to complete
2026-04-08T15:16:44.332-07:00  INFO 23159 --- [tomcat-shutdown] o.s.b.w.e.tomcat.GracefulShutdown        : Graceful shutdown complete
2026-04-08T15:16:44.338-07:00  INFO 23159 --- [           main] o.s.b.w.e.tomcat.GracefulShutdown        : Commencing graceful shutdown. Waiting for active requests to complete
2026-04-08T15:16:44.339-07:00  INFO 23159 --- [tomcat-shutdown] o.s.b.w.e.tomcat.GracefulShutdown        : Graceful shutdown complete
2026-04-08T15:16:44.341-07:00  INFO 23159 --- [           main] o.s.b.w.e.tomcat.GracefulShutdown        : Commencing graceful shutdown. Waiting for active requests to complete
2026-04-08T15:16:44.342-07:00  INFO 23159 --- [tomcat-shutdown] o.s.b.w.e.tomcat.GracefulShutdown        : Graceful shutdown complete
2026-04-08T15:16:44.343-07:00  INFO 23159 --- [           main] o.s.b.w.e.tomcat.GracefulShutdown        : Commencing graceful shutdown. Waiting for active requests to complete
2026-04-08T15:16:44.344-07:00  INFO 23159 --- [tomcat-shutdown] o.s.b.w.e.tomcat.GracefulShutdown        : Graceful shutdown complete
2026-04-08T15:16:44.346-07:00  INFO 23159 --- [           main] o.s.b.w.e.tomcat.GracefulShutdown        : Commencing graceful shutdown. Waiting for active requests to complete
2026-04-08T15:16:44.347-07:00  INFO 23159 --- [tomcat-shutdown] o.s.b.w.e.tomcat.GracefulShutdown        : Graceful shutdown complete
]]></system-out>
  </testcase>
</testsuite>